Symlinking /home/htp/i3dr_tools_ros/i3dr_tools_ros_WS/devel/share/i3dr_phobos_nuclear/cmake/i3dr_phobos_nuclearConfig-version.cmake
Symlinking /home/htp/i3dr_tools_ros/i3dr_tools_ros_WS/devel/share/i3dr_phobos_nuclear/cmake/i3dr_phobos_nuclear-msg-paths.cmake
Symlinking /home/htp/i3dr_tools_ros/i3dr_tools_ros_WS/devel/share/i3dr_phobos_nuclear/cmake/i3dr_phobos_nuclearConfig.cmake
Symlinking /home/htp/i3dr_tools_ros/i3dr_tools_ros_WS/devel/share/i3dr_phobos_nuclear/cmake/i3dr_phobos_nuclear-msg-extras.cmake
Symlinking /home/htp/i3dr_tools_ros/i3dr_tools_ros_WS/devel/share/common-lisp/ros/i3dr_phobos_nuclear/srv/SetInt.lisp
Symlinking /home/htp/i3dr_tools_ros/i3dr_tools_ros_WS/devel/share/common-lisp/ros/i3dr_phobos_nuclear/srv/_package_SetInt.lisp
Symlinking /home/htp/i3dr_tools_ros/i3dr_tools_ros_WS/devel/share/common-lisp/ros/i3dr_phobos_nuclear/srv/_package_SetFloat.lisp
Symlinking /home/htp/i3dr_tools_ros/i3dr_tools_ros_WS/devel/share/common-lisp/ros/i3dr_phobos_nuclear/srv/i3dr_phobos_nuclear-srv.asd
Symlinking /home/htp/i3dr_tools_ros/i3dr_tools_ros_WS/devel/share/common-lisp/ros/i3dr_phobos_nuclear/srv/SetFloat.lisp
Symlinking /home/htp/i3dr_tools_ros/i3dr_tools_ros_WS/devel/share/common-lisp/ros/i3dr_phobos_nuclear/srv/_package.lisp
Symlinking /home/htp/i3dr_tools_ros/i3dr_tools_ros_WS/devel/share/gennodejs/ros/i3dr_phobos_nuclear/_index.js
Symlinking /home/htp/i3dr_tools_ros/i3dr_tools_ros_WS/devel/share/gennodejs/ros/i3dr_phobos_nuclear/srv/SetInt.js
Symlinking /home/htp/i3dr_tools_ros/i3dr_tools_ros_WS/devel/share/gennodejs/ros/i3dr_phobos_nuclear/srv/_index.js
Symlinking /home/htp/i3dr_tools_ros/i3dr_tools_ros_WS/devel/share/gennodejs/ros/i3dr_phobos_nuclear/srv/SetFloat.js
Symlinking /home/htp/i3dr_tools_ros/i3dr_tools_ros_WS/devel/share/roseus/ros/i3dr_phobos_nuclear/manifest.l
Symlinking /home/htp/i3dr_tools_ros/i3dr_tools_ros_WS/devel/share/roseus/ros/i3dr_phobos_nuclear/srv/SetInt.l
Symlinking /home/htp/i3dr_tools_ros/i3dr_tools_ros_WS/devel/share/roseus/ros/i3dr_phobos_nuclear/srv/SetFloat.l
Symlinking /home/htp/i3dr_tools_ros/i3dr_tools_ros_WS/devel/include/i3dr_phobos_nuclear/SetFloatResponse.h
Symlinking /home/htp/i3dr_tools_ros/i3dr_tools_ros_WS/devel/include/i3dr_phobos_nuclear/SetIntResponse.h
Symlinking /home/htp/i3dr_tools_ros/i3dr_tools_ros_WS/devel/include/i3dr_phobos_nuclear/SetFloatRequest.h
Symlinking /home/htp/i3dr_tools_ros/i3dr_tools_ros_WS/devel/include/i3dr_phobos_nuclear/SetFloat.h
Symlinking /home/htp/i3dr_tools_ros/i3dr_tools_ros_WS/devel/include/i3dr_phobos_nuclear/SetIntRequest.h
Symlinking /home/htp/i3dr_tools_ros/i3dr_tools_ros_WS/devel/include/i3dr_phobos_nuclear/SetInt.h
Symlinking /home/htp/i3dr_tools_ros/i3dr_tools_ros_WS/devel/lib/pkgconfig/i3dr_phobos_nuclear.pc
Symlinking /home/htp/i3dr_tools_ros/i3dr_tools_ros_WS/devel/lib/python2.7/dist-packages/i3dr_phobos_nuclear/__init__.py
Symlinking /home/htp/i3dr_tools_ros/i3dr_tools_ros_WS/devel/lib/python2.7/dist-packages/i3dr_phobos_nuclear/srv/_SetFloat.py
Symlinking /home/htp/i3dr_tools_ros/i3dr_tools_ros_WS/devel/lib/python2.7/dist-packages/i3dr_phobos_nuclear/srv/_SetInt.py
Symlinking /home/htp/i3dr_tools_ros/i3dr_tools_ros_WS/devel/lib/python2.7/dist-packages/i3dr_phobos_nuclear/srv/__init__.py
