Linked: (/home/htp/i3dr_tools_ros/i3dr_tools_ros_WS/devel/.private/i3dr_phobos_nuclear/share/i3dr_phobos_nuclear/cmake/i3dr_phobos_nuclearConfig-version.cmake, /home/htp/i3dr_tools_ros/i3dr_tools_ros_WS/devel/share/i3dr_phobos_nuclear/cmake/i3dr_phobos_nuclearConfig-version.cmake)
Linked: (/home/htp/i3dr_tools_ros/i3dr_tools_ros_WS/devel/.private/i3dr_phobos_nuclear/share/i3dr_phobos_nuclear/cmake/i3dr_phobos_nuclear-msg-paths.cmake, /home/htp/i3dr_tools_ros/i3dr_tools_ros_WS/devel/share/i3dr_phobos_nuclear/cmake/i3dr_phobos_nuclear-msg-paths.cmake)
Linked: (/home/htp/i3dr_tools_ros/i3dr_tools_ros_WS/devel/.private/i3dr_phobos_nuclear/share/i3dr_phobos_nuclear/cmake/i3dr_phobos_nuclearConfig.cmake, /home/htp/i3dr_tools_ros/i3dr_tools_ros_WS/devel/share/i3dr_phobos_nuclear/cmake/i3dr_phobos_nuclearConfig.cmake)
Linked: (/home/htp/i3dr_tools_ros/i3dr_tools_ros_WS/devel/.private/i3dr_phobos_nuclear/share/i3dr_phobos_nuclear/cmake/i3dr_phobos_nuclear-msg-extras.cmake, /home/htp/i3dr_tools_ros/i3dr_tools_ros_WS/devel/share/i3dr_phobos_nuclear/cmake/i3dr_phobos_nuclear-msg-extras.cmake)
Linked: (/home/htp/i3dr_tools_ros/i3dr_tools_ros_WS/devel/.private/i3dr_phobos_nuclear/share/common-lisp/ros/i3dr_phobos_nuclear/srv/SetInt.lisp, /home/htp/i3dr_tools_ros/i3dr_tools_ros_WS/devel/share/common-lisp/ros/i3dr_phobos_nuclear/srv/SetInt.lisp)
Linked: (/home/htp/i3dr_tools_ros/i3dr_tools_ros_WS/devel/.private/i3dr_phobos_nuclear/share/common-lisp/ros/i3dr_phobos_nuclear/srv/_package_SetInt.lisp, /home/htp/i3dr_tools_ros/i3dr_tools_ros_WS/devel/share/common-lisp/ros/i3dr_phobos_nuclear/srv/_package_SetInt.lisp)
Linked: (/home/htp/i3dr_tools_ros/i3dr_tools_ros_WS/devel/.private/i3dr_phobos_nuclear/share/common-lisp/ros/i3dr_phobos_nuclear/srv/_package_SetFloat.lisp, /home/htp/i3dr_tools_ros/i3dr_tools_ros_WS/devel/share/common-lisp/ros/i3dr_phobos_nuclear/srv/_package_SetFloat.lisp)
Linked: (/home/htp/i3dr_tools_ros/i3dr_tools_ros_WS/devel/.private/i3dr_phobos_nuclear/share/common-lisp/ros/i3dr_phobos_nuclear/srv/i3dr_phobos_nuclear-srv.asd, /home/htp/i3dr_tools_ros/i3dr_tools_ros_WS/devel/share/common-lisp/ros/i3dr_phobos_nuclear/srv/i3dr_phobos_nuclear-srv.asd)
Linked: (/home/htp/i3dr_tools_ros/i3dr_tools_ros_WS/devel/.private/i3dr_phobos_nuclear/share/common-lisp/ros/i3dr_phobos_nuclear/srv/SetFloat.lisp, /home/htp/i3dr_tools_ros/i3dr_tools_ros_WS/devel/share/common-lisp/ros/i3dr_phobos_nuclear/srv/SetFloat.lisp)
Linked: (/home/htp/i3dr_tools_ros/i3dr_tools_ros_WS/devel/.private/i3dr_phobos_nuclear/share/common-lisp/ros/i3dr_phobos_nuclear/srv/_package.lisp, /home/htp/i3dr_tools_ros/i3dr_tools_ros_WS/devel/share/common-lisp/ros/i3dr_phobos_nuclear/srv/_package.lisp)
Linked: (/home/htp/i3dr_tools_ros/i3dr_tools_ros_WS/devel/.private/i3dr_phobos_nuclear/share/gennodejs/ros/i3dr_phobos_nuclear/_index.js, /home/htp/i3dr_tools_ros/i3dr_tools_ros_WS/devel/share/gennodejs/ros/i3dr_phobos_nuclear/_index.js)
Linked: (/home/htp/i3dr_tools_ros/i3dr_tools_ros_WS/devel/.private/i3dr_phobos_nuclear/share/gennodejs/ros/i3dr_phobos_nuclear/srv/SetInt.js, /home/htp/i3dr_tools_ros/i3dr_tools_ros_WS/devel/share/gennodejs/ros/i3dr_phobos_nuclear/srv/SetInt.js)
Linked: (/home/htp/i3dr_tools_ros/i3dr_tools_ros_WS/devel/.private/i3dr_phobos_nuclear/share/gennodejs/ros/i3dr_phobos_nuclear/srv/_index.js, /home/htp/i3dr_tools_ros/i3dr_tools_ros_WS/devel/share/gennodejs/ros/i3dr_phobos_nuclear/srv/_index.js)
Linked: (/home/htp/i3dr_tools_ros/i3dr_tools_ros_WS/devel/.private/i3dr_phobos_nuclear/share/gennodejs/ros/i3dr_phobos_nuclear/srv/SetFloat.js, /home/htp/i3dr_tools_ros/i3dr_tools_ros_WS/devel/share/gennodejs/ros/i3dr_phobos_nuclear/srv/SetFloat.js)
Linked: (/home/htp/i3dr_tools_ros/i3dr_tools_ros_WS/devel/.private/i3dr_phobos_nuclear/share/roseus/ros/i3dr_phobos_nuclear/manifest.l, /home/htp/i3dr_tools_ros/i3dr_tools_ros_WS/devel/share/roseus/ros/i3dr_phobos_nuclear/manifest.l)
Linked: (/home/htp/i3dr_tools_ros/i3dr_tools_ros_WS/devel/.private/i3dr_phobos_nuclear/share/roseus/ros/i3dr_phobos_nuclear/srv/SetInt.l, /home/htp/i3dr_tools_ros/i3dr_tools_ros_WS/devel/share/roseus/ros/i3dr_phobos_nuclear/srv/SetInt.l)
Linked: (/home/htp/i3dr_tools_ros/i3dr_tools_ros_WS/devel/.private/i3dr_phobos_nuclear/share/roseus/ros/i3dr_phobos_nuclear/srv/SetFloat.l, /home/htp/i3dr_tools_ros/i3dr_tools_ros_WS/devel/share/roseus/ros/i3dr_phobos_nuclear/srv/SetFloat.l)
Linked: (/home/htp/i3dr_tools_ros/i3dr_tools_ros_WS/devel/.private/i3dr_phobos_nuclear/include/i3dr_phobos_nuclear/SetFloatResponse.h, /home/htp/i3dr_tools_ros/i3dr_tools_ros_WS/devel/include/i3dr_phobos_nuclear/SetFloatResponse.h)
Linked: (/home/htp/i3dr_tools_ros/i3dr_tools_ros_WS/devel/.private/i3dr_phobos_nuclear/include/i3dr_phobos_nuclear/SetIntResponse.h, /home/htp/i3dr_tools_ros/i3dr_tools_ros_WS/devel/include/i3dr_phobos_nuclear/SetIntResponse.h)
Linked: (/home/htp/i3dr_tools_ros/i3dr_tools_ros_WS/devel/.private/i3dr_phobos_nuclear/include/i3dr_phobos_nuclear/SetFloatRequest.h, /home/htp/i3dr_tools_ros/i3dr_tools_ros_WS/devel/include/i3dr_phobos_nuclear/SetFloatRequest.h)
Linked: (/home/htp/i3dr_tools_ros/i3dr_tools_ros_WS/devel/.private/i3dr_phobos_nuclear/include/i3dr_phobos_nuclear/SetFloat.h, /home/htp/i3dr_tools_ros/i3dr_tools_ros_WS/devel/include/i3dr_phobos_nuclear/SetFloat.h)
Linked: (/home/htp/i3dr_tools_ros/i3dr_tools_ros_WS/devel/.private/i3dr_phobos_nuclear/include/i3dr_phobos_nuclear/SetIntRequest.h, /home/htp/i3dr_tools_ros/i3dr_tools_ros_WS/devel/include/i3dr_phobos_nuclear/SetIntRequest.h)
Linked: (/home/htp/i3dr_tools_ros/i3dr_tools_ros_WS/devel/.private/i3dr_phobos_nuclear/include/i3dr_phobos_nuclear/SetInt.h, /home/htp/i3dr_tools_ros/i3dr_tools_ros_WS/devel/include/i3dr_phobos_nuclear/SetInt.h)
Linked: (/home/htp/i3dr_tools_ros/i3dr_tools_ros_WS/devel/.private/i3dr_phobos_nuclear/lib/pkgconfig/i3dr_phobos_nuclear.pc, /home/htp/i3dr_tools_ros/i3dr_tools_ros_WS/devel/lib/pkgconfig/i3dr_phobos_nuclear.pc)
Linked: (/home/htp/i3dr_tools_ros/i3dr_tools_ros_WS/devel/.private/i3dr_phobos_nuclear/lib/python2.7/dist-packages/i3dr_phobos_nuclear/__init__.py, /home/htp/i3dr_tools_ros/i3dr_tools_ros_WS/devel/lib/python2.7/dist-packages/i3dr_phobos_nuclear/__init__.py)
Linked: (/home/htp/i3dr_tools_ros/i3dr_tools_ros_WS/devel/.private/i3dr_phobos_nuclear/lib/python2.7/dist-packages/i3dr_phobos_nuclear/srv/_SetFloat.py, /home/htp/i3dr_tools_ros/i3dr_tools_ros_WS/devel/lib/python2.7/dist-packages/i3dr_phobos_nuclear/srv/_SetFloat.py)
Linked: (/home/htp/i3dr_tools_ros/i3dr_tools_ros_WS/devel/.private/i3dr_phobos_nuclear/lib/python2.7/dist-packages/i3dr_phobos_nuclear/srv/_SetInt.py, /home/htp/i3dr_tools_ros/i3dr_tools_ros_WS/devel/lib/python2.7/dist-packages/i3dr_phobos_nuclear/srv/_SetInt.py)
Linked: (/home/htp/i3dr_tools_ros/i3dr_tools_ros_WS/devel/.private/i3dr_phobos_nuclear/lib/python2.7/dist-packages/i3dr_phobos_nuclear/srv/__init__.py, /home/htp/i3dr_tools_ros/i3dr_tools_ros_WS/devel/lib/python2.7/dist-packages/i3dr_phobos_nuclear/srv/__init__.py)
