Symlinking /home/htp/i3dr_tools_ros/i3dr_tools_ros_WS/devel/share/common-lisp/ros/i3dr_stereo_camera/srv/SetInt.lisp
Symlinking /home/htp/i3dr_tools_ros/i3dr_tools_ros_WS/devel/share/common-lisp/ros/i3dr_stereo_camera/srv/_package_SetInt.lisp
Symlinking /home/htp/i3dr_tools_ros/i3dr_tools_ros_WS/devel/share/common-lisp/ros/i3dr_stereo_camera/srv/_package_SetFloat.lisp
Symlinking /home/htp/i3dr_tools_ros/i3dr_tools_ros_WS/devel/share/common-lisp/ros/i3dr_stereo_camera/srv/SetFloat.lisp
Symlinking /home/htp/i3dr_tools_ros/i3dr_tools_ros_WS/devel/share/common-lisp/ros/i3dr_stereo_camera/srv/_package.lisp
Symlinking /home/htp/i3dr_tools_ros/i3dr_tools_ros_WS/devel/share/common-lisp/ros/i3dr_stereo_camera/srv/i3dr_stereo_camera-srv.asd
Symlinking /home/htp/i3dr_tools_ros/i3dr_tools_ros_WS/devel/share/gennodejs/ros/i3dr_stereo_camera/_index.js
Symlinking /home/htp/i3dr_tools_ros/i3dr_tools_ros_WS/devel/share/gennodejs/ros/i3dr_stereo_camera/srv/SetInt.js
Symlinking /home/htp/i3dr_tools_ros/i3dr_tools_ros_WS/devel/share/gennodejs/ros/i3dr_stereo_camera/srv/_index.js
Symlinking /home/htp/i3dr_tools_ros/i3dr_tools_ros_WS/devel/share/gennodejs/ros/i3dr_stereo_camera/srv/SetFloat.js
Symlinking /home/htp/i3dr_tools_ros/i3dr_tools_ros_WS/devel/share/roseus/ros/i3dr_stereo_camera/manifest.l
Symlinking /home/htp/i3dr_tools_ros/i3dr_tools_ros_WS/devel/share/roseus/ros/i3dr_stereo_camera/srv/SetInt.l
Symlinking /home/htp/i3dr_tools_ros/i3dr_tools_ros_WS/devel/share/roseus/ros/i3dr_stereo_camera/srv/SetFloat.l
Symlinking /home/htp/i3dr_tools_ros/i3dr_tools_ros_WS/devel/share/i3dr_stereo_camera/cmake/i3dr_stereo_camera-msg-extras.cmake
Symlinking /home/htp/i3dr_tools_ros/i3dr_tools_ros_WS/devel/share/i3dr_stereo_camera/cmake/i3dr_stereo_camera-msg-paths.cmake
Symlinking /home/htp/i3dr_tools_ros/i3dr_tools_ros_WS/devel/share/i3dr_stereo_camera/cmake/i3dr_stereo_cameraConfig-version.cmake
Symlinking /home/htp/i3dr_tools_ros/i3dr_tools_ros_WS/devel/share/i3dr_stereo_camera/cmake/i3dr_stereo_cameraConfig.cmake
Symlinking /home/htp/i3dr_tools_ros/i3dr_tools_ros_WS/devel/include/i3dr_stereo_camera/SetFloatResponse.h
Symlinking /home/htp/i3dr_tools_ros/i3dr_tools_ros_WS/devel/include/i3dr_stereo_camera/SetIntResponse.h
Symlinking /home/htp/i3dr_tools_ros/i3dr_tools_ros_WS/devel/include/i3dr_stereo_camera/SetFloatRequest.h
Symlinking /home/htp/i3dr_tools_ros/i3dr_tools_ros_WS/devel/include/i3dr_stereo_camera/SetFloat.h
Symlinking /home/htp/i3dr_tools_ros/i3dr_tools_ros_WS/devel/include/i3dr_stereo_camera/SetIntRequest.h
Symlinking /home/htp/i3dr_tools_ros/i3dr_tools_ros_WS/devel/include/i3dr_stereo_camera/SetInt.h
Symlinking /home/htp/i3dr_tools_ros/i3dr_tools_ros_WS/devel/lib/pkgconfig/i3dr_stereo_camera.pc
Symlinking /home/htp/i3dr_tools_ros/i3dr_tools_ros_WS/devel/lib/python2.7/dist-packages/i3dr_stereo_camera/__init__.py
Symlinking /home/htp/i3dr_tools_ros/i3dr_tools_ros_WS/devel/lib/python2.7/dist-packages/i3dr_stereo_camera/srv/_SetFloat.py
Symlinking /home/htp/i3dr_tools_ros/i3dr_tools_ros_WS/devel/lib/python2.7/dist-packages/i3dr_stereo_camera/srv/_SetInt.py
Symlinking /home/htp/i3dr_tools_ros/i3dr_tools_ros_WS/devel/lib/python2.7/dist-packages/i3dr_stereo_camera/srv/__init__.py
