Determining if the pthread_create exist failed with the following output:
Change Dir: /home/htp/i3dr_tools_ros/i3dr_tools_ros_WS/build/i3dr_stereo_camera/CMakeFiles/CMakeTmp

Run Build Command:"/usr/bin/make" "cmTC_36961/fast"
/usr/bin/make -f CMakeFiles/cmTC_36961.dir/build.make CMakeFiles/cmTC_36961.dir/build
make[1]: Entering directory '/home/htp/i3dr_tools_ros/i3dr_tools_ros_WS/build/i3dr_stereo_camera/CMakeFiles/CMakeTmp'
Building C object CMakeFiles/cmTC_36961.dir/CheckSymbolExists.c.o
/usr/bin/cc     -o CMakeFiles/cmTC_36961.dir/CheckSymbolExists.c.o   -c /home/htp/i3dr_tools_ros/i3dr_tools_ros_WS/build/i3dr_stereo_camera/CMakeFiles/CMakeTmp/CheckSymbolExists.c
Linking C executable cmTC_36961
/usr/bin/cmake -E cmake_link_script CMakeFiles/cmTC_36961.dir/link.txt --verbose=1
/usr/bin/cc       CMakeFiles/cmTC_36961.dir/CheckSymbolExists.c.o  -o cmTC_36961 -rdynamic 
CMakeFiles/cmTC_36961.dir/CheckSymbolExists.c.o: In function `main':
CheckSymbolExists.c:(.text+0x16): undefined reference to `pthread_create'
collect2: error: ld returned 1 exit status
CMakeFiles/cmTC_36961.dir/build.make:97: recipe for target 'cmTC_36961' failed
make[1]: *** [cmTC_36961] Error 1
make[1]: Leaving directory '/home/htp/i3dr_tools_ros/i3dr_tools_ros_WS/build/i3dr_stereo_camera/CMakeFiles/CMakeTmp'
Makefile:126: recipe for target 'cmTC_36961/fast' failed
make: *** [cmTC_36961/fast] Error 2

File /home/htp/i3dr_tools_ros/i3dr_tools_ros_WS/build/i3dr_stereo_camera/CMakeFiles/CMakeTmp/CheckSymbolExists.c:
/* */
#include <pthread.h>

int main(int argc, char** argv)
{
  (void)argv;
#ifndef pthread_create
  return ((int*)(&pthread_create))[argc];
#else
  (void)argc;
  return 0;
#endif
}

Determining if the function pthread_create exists in the pthreads failed with the following output:
Change Dir: /home/htp/i3dr_tools_ros/i3dr_tools_ros_WS/build/i3dr_stereo_camera/CMakeFiles/CMakeTmp

Run Build Command:"/usr/bin/make" "cmTC_410f2/fast"
/usr/bin/make -f CMakeFiles/cmTC_410f2.dir/build.make CMakeFiles/cmTC_410f2.dir/build
make[1]: Entering directory '/home/htp/i3dr_tools_ros/i3dr_tools_ros_WS/build/i3dr_stereo_camera/CMakeFiles/CMakeTmp'
Building C object CMakeFiles/cmTC_410f2.dir/CheckFunctionExists.c.o
/usr/bin/cc    -DCHECK_FUNCTION_EXISTS=pthread_create   -o CMakeFiles/cmTC_410f2.dir/CheckFunctionExists.c.o   -c /usr/share/cmake-3.5/Modules/CheckFunctionExists.c
Linking C executable cmTC_410f2
/usr/bin/cmake -E cmake_link_script CMakeFiles/cmTC_410f2.dir/link.txt --verbose=1
/usr/bin/cc   -DCHECK_FUNCTION_EXISTS=pthread_create    CMakeFiles/cmTC_410f2.dir/CheckFunctionExists.c.o  -o cmTC_410f2 -rdynamic -lpthreads 
/usr/bin/ld: cannot find -lpthreads
collect2: error: ld returned 1 exit status
CMakeFiles/cmTC_410f2.dir/build.make:97: recipe for target 'cmTC_410f2' failed
make[1]: *** [cmTC_410f2] Error 1
make[1]: Leaving directory '/home/htp/i3dr_tools_ros/i3dr_tools_ros_WS/build/i3dr_stereo_camera/CMakeFiles/CMakeTmp'
Makefile:126: recipe for target 'cmTC_410f2/fast' failed
make: *** [cmTC_410f2/fast] Error 2


