Determining if the pthread_create exist failed with the following output:
Change Dir: /home/htp/i3dr_tools_ros/i3dr_tools_ros_WS/build/ddynamic_reconfigure/CMakeFiles/CMakeTmp

Run Build Command:"/usr/bin/make" "cmTC_f769d/fast"
/usr/bin/make -f CMakeFiles/cmTC_f769d.dir/build.make CMakeFiles/cmTC_f769d.dir/build
make[1]: Entering directory '/home/htp/i3dr_tools_ros/i3dr_tools_ros_WS/build/ddynamic_reconfigure/CMakeFiles/CMakeTmp'
Building C object CMakeFiles/cmTC_f769d.dir/CheckSymbolExists.c.o
/usr/bin/cc     -o CMakeFiles/cmTC_f769d.dir/CheckSymbolExists.c.o   -c /home/htp/i3dr_tools_ros/i3dr_tools_ros_WS/build/ddynamic_reconfigure/CMakeFiles/CMakeTmp/CheckSymbolExists.c
Linking C executable cmTC_f769d
/usr/bin/cmake -E cmake_link_script CMakeFiles/cmTC_f769d.dir/link.txt --verbose=1
/usr/bin/cc       CMakeFiles/cmTC_f769d.dir/CheckSymbolExists.c.o  -o cmTC_f769d -rdynamic 
CMakeFiles/cmTC_f769d.dir/CheckSymbolExists.c.o: In function `main':
CheckSymbolExists.c:(.text+0x16): undefined reference to `pthread_create'
collect2: error: ld returned 1 exit status
CMakeFiles/cmTC_f769d.dir/build.make:97: recipe for target 'cmTC_f769d' failed
make[1]: *** [cmTC_f769d] Error 1
make[1]: Leaving directory '/home/htp/i3dr_tools_ros/i3dr_tools_ros_WS/build/ddynamic_reconfigure/CMakeFiles/CMakeTmp'
Makefile:126: recipe for target 'cmTC_f769d/fast' failed
make: *** [cmTC_f769d/fast] Error 2

File /home/htp/i3dr_tools_ros/i3dr_tools_ros_WS/build/ddynamic_reconfigure/CMakeFiles/CMakeTmp/CheckSymbolExists.c:
/* */
#include <pthread.h>

int main(int argc, char** argv)
{
  (void)argv;
#ifndef pthread_create
  return ((int*)(&pthread_create))[argc];
#else
  (void)argc;
  return 0;
#endif
}

Determining if the function pthread_create exists in the pthreads failed with the following output:
Change Dir: /home/htp/i3dr_tools_ros/i3dr_tools_ros_WS/build/ddynamic_reconfigure/CMakeFiles/CMakeTmp

Run Build Command:"/usr/bin/make" "cmTC_4a474/fast"
/usr/bin/make -f CMakeFiles/cmTC_4a474.dir/build.make CMakeFiles/cmTC_4a474.dir/build
make[1]: Entering directory '/home/htp/i3dr_tools_ros/i3dr_tools_ros_WS/build/ddynamic_reconfigure/CMakeFiles/CMakeTmp'
Building C object CMakeFiles/cmTC_4a474.dir/CheckFunctionExists.c.o
/usr/bin/cc    -DCHECK_FUNCTION_EXISTS=pthread_create   -o CMakeFiles/cmTC_4a474.dir/CheckFunctionExists.c.o   -c /usr/share/cmake-3.5/Modules/CheckFunctionExists.c
Linking C executable cmTC_4a474
/usr/bin/cmake -E cmake_link_script CMakeFiles/cmTC_4a474.dir/link.txt --verbose=1
/usr/bin/cc   -DCHECK_FUNCTION_EXISTS=pthread_create    CMakeFiles/cmTC_4a474.dir/CheckFunctionExists.c.o  -o cmTC_4a474 -rdynamic -lpthreads 
/usr/bin/ld: cannot find -lpthreads
collect2: error: ld returned 1 exit status
CMakeFiles/cmTC_4a474.dir/build.make:97: recipe for target 'cmTC_4a474' failed
make[1]: *** [cmTC_4a474] Error 1
make[1]: Leaving directory '/home/htp/i3dr_tools_ros/i3dr_tools_ros_WS/build/ddynamic_reconfigure/CMakeFiles/CMakeTmp'
Makefile:126: recipe for target 'cmTC_4a474/fast' failed
make: *** [cmTC_4a474/fast] Error 2


