Linked: (/home/htp/i3dr_tools_ros/i3dr_tools_ros_WS/devel/.private/ddynamic_reconfigure/share/ddynamic_reconfigure/cmake/ddynamic_reconfigure-msg-paths.cmake, /home/htp/i3dr_tools_ros/i3dr_tools_ros_WS/devel/share/ddynamic_reconfigure/cmake/ddynamic_reconfigure-msg-paths.cmake)
Linked: (/home/htp/i3dr_tools_ros/i3dr_tools_ros_WS/devel/.private/ddynamic_reconfigure/share/ddynamic_reconfigure/cmake/ddynamic_reconfigureConfig-version.cmake, /home/htp/i3dr_tools_ros/i3dr_tools_ros_WS/devel/share/ddynamic_reconfigure/cmake/ddynamic_reconfigureConfig-version.cmake)
Linked: (/home/htp/i3dr_tools_ros/i3dr_tools_ros_WS/devel/.private/ddynamic_reconfigure/share/ddynamic_reconfigure/cmake/ddynamic_reconfigureConfig.cmake, /home/htp/i3dr_tools_ros/i3dr_tools_ros_WS/devel/share/ddynamic_reconfigure/cmake/ddynamic_reconfigureConfig.cmake)
Linked: (/home/htp/i3dr_tools_ros/i3dr_tools_ros_WS/devel/.private/ddynamic_reconfigure/share/ddynamic_reconfigure/cmake/ddynamic_reconfigure-msg-extras.cmake, /home/htp/i3dr_tools_ros/i3dr_tools_ros_WS/devel/share/ddynamic_reconfigure/cmake/ddynamic_reconfigure-msg-extras.cmake)
Linked: (/home/htp/i3dr_tools_ros/i3dr_tools_ros_WS/devel/.private/ddynamic_reconfigure/share/common-lisp/ros/ddynamic_reconfigure/srv/_package_TutorialParams.lisp, /home/htp/i3dr_tools_ros/i3dr_tools_ros_WS/devel/share/common-lisp/ros/ddynamic_reconfigure/srv/_package_TutorialParams.lisp)
Linked: (/home/htp/i3dr_tools_ros/i3dr_tools_ros_WS/devel/.private/ddynamic_reconfigure/share/common-lisp/ros/ddynamic_reconfigure/srv/ddynamic_reconfigure-srv.asd, /home/htp/i3dr_tools_ros/i3dr_tools_ros_WS/devel/share/common-lisp/ros/ddynamic_reconfigure/srv/ddynamic_reconfigure-srv.asd)
Linked: (/home/htp/i3dr_tools_ros/i3dr_tools_ros_WS/devel/.private/ddynamic_reconfigure/share/common-lisp/ros/ddynamic_reconfigure/srv/_package.lisp, /home/htp/i3dr_tools_ros/i3dr_tools_ros_WS/devel/share/common-lisp/ros/ddynamic_reconfigure/srv/_package.lisp)
Linked: (/home/htp/i3dr_tools_ros/i3dr_tools_ros_WS/devel/.private/ddynamic_reconfigure/share/common-lisp/ros/ddynamic_reconfigure/srv/TutorialParams.lisp, /home/htp/i3dr_tools_ros/i3dr_tools_ros_WS/devel/share/common-lisp/ros/ddynamic_reconfigure/srv/TutorialParams.lisp)
Linked: (/home/htp/i3dr_tools_ros/i3dr_tools_ros_WS/devel/.private/ddynamic_reconfigure/share/gennodejs/ros/ddynamic_reconfigure/_index.js, /home/htp/i3dr_tools_ros/i3dr_tools_ros_WS/devel/share/gennodejs/ros/ddynamic_reconfigure/_index.js)
Linked: (/home/htp/i3dr_tools_ros/i3dr_tools_ros_WS/devel/.private/ddynamic_reconfigure/share/gennodejs/ros/ddynamic_reconfigure/srv/TutorialParams.js, /home/htp/i3dr_tools_ros/i3dr_tools_ros_WS/devel/share/gennodejs/ros/ddynamic_reconfigure/srv/TutorialParams.js)
Linked: (/home/htp/i3dr_tools_ros/i3dr_tools_ros_WS/devel/.private/ddynamic_reconfigure/share/gennodejs/ros/ddynamic_reconfigure/srv/_index.js, /home/htp/i3dr_tools_ros/i3dr_tools_ros_WS/devel/share/gennodejs/ros/ddynamic_reconfigure/srv/_index.js)
Linked: (/home/htp/i3dr_tools_ros/i3dr_tools_ros_WS/devel/.private/ddynamic_reconfigure/share/roseus/ros/ddynamic_reconfigure/manifest.l, /home/htp/i3dr_tools_ros/i3dr_tools_ros_WS/devel/share/roseus/ros/ddynamic_reconfigure/manifest.l)
Linked: (/home/htp/i3dr_tools_ros/i3dr_tools_ros_WS/devel/.private/ddynamic_reconfigure/share/roseus/ros/ddynamic_reconfigure/srv/TutorialParams.l, /home/htp/i3dr_tools_ros/i3dr_tools_ros_WS/devel/share/roseus/ros/ddynamic_reconfigure/srv/TutorialParams.l)
Linked: (/home/htp/i3dr_tools_ros/i3dr_tools_ros_WS/devel/.private/ddynamic_reconfigure/include/ddynamic_reconfigure/TutorialParamsRequest.h, /home/htp/i3dr_tools_ros/i3dr_tools_ros_WS/devel/include/ddynamic_reconfigure/TutorialParamsRequest.h)
Linked: (/home/htp/i3dr_tools_ros/i3dr_tools_ros_WS/devel/.private/ddynamic_reconfigure/include/ddynamic_reconfigure/TutorialParamsResponse.h, /home/htp/i3dr_tools_ros/i3dr_tools_ros_WS/devel/include/ddynamic_reconfigure/TutorialParamsResponse.h)
Linked: (/home/htp/i3dr_tools_ros/i3dr_tools_ros_WS/devel/.private/ddynamic_reconfigure/include/ddynamic_reconfigure/TutorialParams.h, /home/htp/i3dr_tools_ros/i3dr_tools_ros_WS/devel/include/ddynamic_reconfigure/TutorialParams.h)
Linked: (/home/htp/i3dr_tools_ros/i3dr_tools_ros_WS/devel/.private/ddynamic_reconfigure/lib/libddynamic_reconfigure.so, /home/htp/i3dr_tools_ros/i3dr_tools_ros_WS/devel/lib/libddynamic_reconfigure.so)
Linked: (/home/htp/i3dr_tools_ros/i3dr_tools_ros_WS/devel/.private/ddynamic_reconfigure/lib/ddynamic_reconfigure/dd_server, /home/htp/i3dr_tools_ros/i3dr_tools_ros_WS/devel/lib/ddynamic_reconfigure/dd_server)
Linked: (/home/htp/i3dr_tools_ros/i3dr_tools_ros_WS/devel/.private/ddynamic_reconfigure/lib/pkgconfig/ddynamic_reconfigure.pc, /home/htp/i3dr_tools_ros/i3dr_tools_ros_WS/devel/lib/pkgconfig/ddynamic_reconfigure.pc)
Linked: (/home/htp/i3dr_tools_ros/i3dr_tools_ros_WS/devel/.private/ddynamic_reconfigure/lib/python2.7/dist-packages/ddynamic_reconfigure/__init__.py, /home/htp/i3dr_tools_ros/i3dr_tools_ros_WS/devel/lib/python2.7/dist-packages/ddynamic_reconfigure/__init__.py)
Linked: (/home/htp/i3dr_tools_ros/i3dr_tools_ros_WS/devel/.private/ddynamic_reconfigure/lib/python2.7/dist-packages/ddynamic_reconfigure/srv/_TutorialParams.py, /home/htp/i3dr_tools_ros/i3dr_tools_ros_WS/devel/lib/python2.7/dist-packages/ddynamic_reconfigure/srv/_TutorialParams.py)
Linked: (/home/htp/i3dr_tools_ros/i3dr_tools_ros_WS/devel/.private/ddynamic_reconfigure/lib/python2.7/dist-packages/ddynamic_reconfigure/srv/__init__.py, /home/htp/i3dr_tools_ros/i3dr_tools_ros_WS/devel/lib/python2.7/dist-packages/ddynamic_reconfigure/srv/__init__.py)
