Determining if the pthread_create exist failed with the following output:
Change Dir: /home/htp/i3dr_tools_ros/i3dr_tools_ros_WS/build/i3dr_phobos/CMakeFiles/CMakeTmp

Run Build Command:"/usr/bin/make" "cmTC_1585a/fast"
/usr/bin/make -f CMakeFiles/cmTC_1585a.dir/build.make CMakeFiles/cmTC_1585a.dir/build
make[1]: Entering directory '/home/htp/i3dr_tools_ros/i3dr_tools_ros_WS/build/i3dr_phobos/CMakeFiles/CMakeTmp'
Building C object CMakeFiles/cmTC_1585a.dir/CheckSymbolExists.c.o
/usr/bin/cc     -o CMakeFiles/cmTC_1585a.dir/CheckSymbolExists.c.o   -c /home/htp/i3dr_tools_ros/i3dr_tools_ros_WS/build/i3dr_phobos/CMakeFiles/CMakeTmp/CheckSymbolExists.c
Linking C executable cmTC_1585a
/usr/bin/cmake -E cmake_link_script CMakeFiles/cmTC_1585a.dir/link.txt --verbose=1
/usr/bin/cc       CMakeFiles/cmTC_1585a.dir/CheckSymbolExists.c.o  -o cmTC_1585a -rdynamic 
CMakeFiles/cmTC_1585a.dir/CheckSymbolExists.c.o: In function `main':
CheckSymbolExists.c:(.text+0x16): undefined reference to `pthread_create'
collect2: error: ld returned 1 exit status
CMakeFiles/cmTC_1585a.dir/build.make:97: recipe for target 'cmTC_1585a' failed
make[1]: *** [cmTC_1585a] Error 1
make[1]: Leaving directory '/home/htp/i3dr_tools_ros/i3dr_tools_ros_WS/build/i3dr_phobos/CMakeFiles/CMakeTmp'
Makefile:126: recipe for target 'cmTC_1585a/fast' failed
make: *** [cmTC_1585a/fast] Error 2

File /home/htp/i3dr_tools_ros/i3dr_tools_ros_WS/build/i3dr_phobos/CMakeFiles/CMakeTmp/CheckSymbolExists.c:
/* */
#include <pthread.h>

int main(int argc, char** argv)
{
  (void)argv;
#ifndef pthread_create
  return ((int*)(&pthread_create))[argc];
#else
  (void)argc;
  return 0;
#endif
}

Determining if the function pthread_create exists in the pthreads failed with the following output:
Change Dir: /home/htp/i3dr_tools_ros/i3dr_tools_ros_WS/build/i3dr_phobos/CMakeFiles/CMakeTmp

Run Build Command:"/usr/bin/make" "cmTC_ad56f/fast"
/usr/bin/make -f CMakeFiles/cmTC_ad56f.dir/build.make CMakeFiles/cmTC_ad56f.dir/build
make[1]: Entering directory '/home/htp/i3dr_tools_ros/i3dr_tools_ros_WS/build/i3dr_phobos/CMakeFiles/CMakeTmp'
Building C object CMakeFiles/cmTC_ad56f.dir/CheckFunctionExists.c.o
/usr/bin/cc    -DCHECK_FUNCTION_EXISTS=pthread_create   -o CMakeFiles/cmTC_ad56f.dir/CheckFunctionExists.c.o   -c /usr/share/cmake-3.5/Modules/CheckFunctionExists.c
Linking C executable cmTC_ad56f
/usr/bin/cmake -E cmake_link_script CMakeFiles/cmTC_ad56f.dir/link.txt --verbose=1
/usr/bin/cc   -DCHECK_FUNCTION_EXISTS=pthread_create    CMakeFiles/cmTC_ad56f.dir/CheckFunctionExists.c.o  -o cmTC_ad56f -rdynamic -lpthreads 
/usr/bin/ld: cannot find -lpthreads
collect2: error: ld returned 1 exit status
CMakeFiles/cmTC_ad56f.dir/build.make:97: recipe for target 'cmTC_ad56f' failed
make[1]: *** [cmTC_ad56f] Error 1
make[1]: Leaving directory '/home/htp/i3dr_tools_ros/i3dr_tools_ros_WS/build/i3dr_phobos/CMakeFiles/CMakeTmp'
Makefile:126: recipe for target 'cmTC_ad56f/fast' failed
make: *** [cmTC_ad56f/fast] Error 2


