[35m[1mScanning dependencies of target std_msgs_generate_messages_nodejs[0m
[35m[1mScanning dependencies of target _i3dr_phobos_generate_messages_check_deps_SetFloat[0m
[35m[1mScanning dependencies of target std_msgs_generate_messages_cpp[0m
[35m[1mScanning dependencies of target std_msgs_generate_messages_lisp[0m
[35m[1mScanning dependencies of target std_msgs_generate_messages_py[0m
[35m[1mScanning dependencies of target _i3dr_phobos_generate_messages_check_deps_SetInt[0m
[35m[1mScanning dependencies of target std_msgs_generate_messages_eus[0m
[  0%] Built target std_msgs_generate_messages_nodejs
[  0%] Built target std_msgs_generate_messages_cpp
[  0%] Built target std_msgs_generate_messages_py
[  0%] Built target std_msgs_generate_messages_lisp
[  0%] Built target std_msgs_generate_messages_eus
[  0%] Built target _i3dr_phobos_generate_messages_check_deps_SetFloat
[  0%] Built target _i3dr_phobos_generate_messages_check_deps_SetInt
[35m[1mScanning dependencies of target i3dr_phobos_generate_messages_cpp[0m
[35m[1mScanning dependencies of target i3dr_phobos_generate_messages_eus[0m
[35m[1mScanning dependencies of target i3dr_phobos_generate_messages_lisp[0m
[35m[1mScanning dependencies of target i3dr_phobos_generate_messages_py[0m
[35m[1mScanning dependencies of target i3dr_phobos_generate_messages_nodejs[0m
[ 16%] [34m[1mGenerating Python code from SRV i3dr_phobos/SetInt[0m
[ 25%] [34m[1mGenerating C++ code from i3dr_phobos/SetInt.srv[0m
[ 16%] [34m[1mGenerating EusLisp code from i3dr_phobos/SetInt.srv[0m
[ 33%] [34m[1mGenerating Lisp code from i3dr_phobos/SetInt.srv[0m
[ 41%] [34m[1mGenerating Javascript code from i3dr_phobos/SetInt.srv[0m
[ 50%] [34m[1mGenerating C++ code from i3dr_phobos/SetFloat.srv[0m
[ 58%] [34m[1mGenerating EusLisp code from i3dr_phobos/SetFloat.srv[0m
[ 66%] [34m[1mGenerating Javascript code from i3dr_phobos/SetFloat.srv[0m
[ 75%] [34m[1mGenerating Lisp code from i3dr_phobos/SetFloat.srv[0m
[ 83%] [34m[1mGenerating Python code from SRV i3dr_phobos/SetFloat[0m
[ 91%] [34m[1mGenerating EusLisp manifest code for i3dr_phobos[0m
[ 91%] Built target i3dr_phobos_generate_messages_lisp
[ 91%] Built target i3dr_phobos_generate_messages_nodejs
[100%] [34m[1mGenerating Python srv __init__.py for i3dr_phobos[0m
[100%] Built target i3dr_phobos_generate_messages_cpp
[100%] Built target i3dr_phobos_generate_messages_py
[100%] Built target i3dr_phobos_generate_messages_eus
[35m[1mScanning dependencies of target i3dr_phobos_generate_messages[0m
[100%] Built target i3dr_phobos_generate_messages
