Symlinking /home/htp/i3dr_tools_ros/i3dr_tools_ros_WS/devel/share/common-lisp/ros/i3dr_phobos/srv/SetInt.lisp
Symlinking /home/htp/i3dr_tools_ros/i3dr_tools_ros_WS/devel/share/common-lisp/ros/i3dr_phobos/srv/_package_SetInt.lisp
Symlinking /home/htp/i3dr_tools_ros/i3dr_tools_ros_WS/devel/share/common-lisp/ros/i3dr_phobos/srv/_package_SetFloat.lisp
Symlinking /home/htp/i3dr_tools_ros/i3dr_tools_ros_WS/devel/share/common-lisp/ros/i3dr_phobos/srv/SetFloat.lisp
Symlinking /home/htp/i3dr_tools_ros/i3dr_tools_ros_WS/devel/share/common-lisp/ros/i3dr_phobos/srv/_package.lisp
Symlinking /home/htp/i3dr_tools_ros/i3dr_tools_ros_WS/devel/share/common-lisp/ros/i3dr_phobos/srv/i3dr_phobos-srv.asd
Symlinking /home/htp/i3dr_tools_ros/i3dr_tools_ros_WS/devel/share/gennodejs/ros/i3dr_phobos/_index.js
Symlinking /home/htp/i3dr_tools_ros/i3dr_tools_ros_WS/devel/share/gennodejs/ros/i3dr_phobos/srv/SetInt.js
Symlinking /home/htp/i3dr_tools_ros/i3dr_tools_ros_WS/devel/share/gennodejs/ros/i3dr_phobos/srv/_index.js
Symlinking /home/htp/i3dr_tools_ros/i3dr_tools_ros_WS/devel/share/gennodejs/ros/i3dr_phobos/srv/SetFloat.js
Symlinking /home/htp/i3dr_tools_ros/i3dr_tools_ros_WS/devel/share/roseus/ros/i3dr_phobos/manifest.l
Symlinking /home/htp/i3dr_tools_ros/i3dr_tools_ros_WS/devel/share/roseus/ros/i3dr_phobos/srv/SetInt.l
Symlinking /home/htp/i3dr_tools_ros/i3dr_tools_ros_WS/devel/share/roseus/ros/i3dr_phobos/srv/SetFloat.l
Symlinking /home/htp/i3dr_tools_ros/i3dr_tools_ros_WS/devel/share/i3dr_phobos/cmake/i3dr_phobos-msg-paths.cmake
Symlinking /home/htp/i3dr_tools_ros/i3dr_tools_ros_WS/devel/share/i3dr_phobos/cmake/i3dr_phobosConfig-version.cmake
Symlinking /home/htp/i3dr_tools_ros/i3dr_tools_ros_WS/devel/share/i3dr_phobos/cmake/i3dr_phobosConfig.cmake
Symlinking /home/htp/i3dr_tools_ros/i3dr_tools_ros_WS/devel/share/i3dr_phobos/cmake/i3dr_phobos-msg-extras.cmake
Symlinking /home/htp/i3dr_tools_ros/i3dr_tools_ros_WS/devel/include/i3dr_phobos/SetFloatResponse.h
Symlinking /home/htp/i3dr_tools_ros/i3dr_tools_ros_WS/devel/include/i3dr_phobos/SetIntResponse.h
Symlinking /home/htp/i3dr_tools_ros/i3dr_tools_ros_WS/devel/include/i3dr_phobos/SetFloatRequest.h
Symlinking /home/htp/i3dr_tools_ros/i3dr_tools_ros_WS/devel/include/i3dr_phobos/SetFloat.h
Symlinking /home/htp/i3dr_tools_ros/i3dr_tools_ros_WS/devel/include/i3dr_phobos/SetIntRequest.h
Symlinking /home/htp/i3dr_tools_ros/i3dr_tools_ros_WS/devel/include/i3dr_phobos/SetInt.h
Symlinking /home/htp/i3dr_tools_ros/i3dr_tools_ros_WS/devel/lib/pkgconfig/i3dr_phobos.pc
Symlinking /home/htp/i3dr_tools_ros/i3dr_tools_ros_WS/devel/lib/python2.7/dist-packages/i3dr_phobos/__init__.py
Symlinking /home/htp/i3dr_tools_ros/i3dr_tools_ros_WS/devel/lib/python2.7/dist-packages/i3dr_phobos/srv/_SetFloat.py
Symlinking /home/htp/i3dr_tools_ros/i3dr_tools_ros_WS/devel/lib/python2.7/dist-packages/i3dr_phobos/srv/_SetInt.py
Symlinking /home/htp/i3dr_tools_ros/i3dr_tools_ros_WS/devel/lib/python2.7/dist-packages/i3dr_phobos/srv/__init__.py
