Linked: (/home/htp/i3dr_tools_ros/i3dr_tools_ros_WS/devel/.private/i3dr_phobos/share/common-lisp/ros/i3dr_phobos/srv/SetInt.lisp, /home/htp/i3dr_tools_ros/i3dr_tools_ros_WS/devel/share/common-lisp/ros/i3dr_phobos/srv/SetInt.lisp)
Linked: (/home/htp/i3dr_tools_ros/i3dr_tools_ros_WS/devel/.private/i3dr_phobos/share/common-lisp/ros/i3dr_phobos/srv/_package_SetInt.lisp, /home/htp/i3dr_tools_ros/i3dr_tools_ros_WS/devel/share/common-lisp/ros/i3dr_phobos/srv/_package_SetInt.lisp)
Linked: (/home/htp/i3dr_tools_ros/i3dr_tools_ros_WS/devel/.private/i3dr_phobos/share/common-lisp/ros/i3dr_phobos/srv/_package_SetFloat.lisp, /home/htp/i3dr_tools_ros/i3dr_tools_ros_WS/devel/share/common-lisp/ros/i3dr_phobos/srv/_package_SetFloat.lisp)
Linked: (/home/htp/i3dr_tools_ros/i3dr_tools_ros_WS/devel/.private/i3dr_phobos/share/common-lisp/ros/i3dr_phobos/srv/SetFloat.lisp, /home/htp/i3dr_tools_ros/i3dr_tools_ros_WS/devel/share/common-lisp/ros/i3dr_phobos/srv/SetFloat.lisp)
Linked: (/home/htp/i3dr_tools_ros/i3dr_tools_ros_WS/devel/.private/i3dr_phobos/share/common-lisp/ros/i3dr_phobos/srv/_package.lisp, /home/htp/i3dr_tools_ros/i3dr_tools_ros_WS/devel/share/common-lisp/ros/i3dr_phobos/srv/_package.lisp)
Linked: (/home/htp/i3dr_tools_ros/i3dr_tools_ros_WS/devel/.private/i3dr_phobos/share/common-lisp/ros/i3dr_phobos/srv/i3dr_phobos-srv.asd, /home/htp/i3dr_tools_ros/i3dr_tools_ros_WS/devel/share/common-lisp/ros/i3dr_phobos/srv/i3dr_phobos-srv.asd)
Linked: (/home/htp/i3dr_tools_ros/i3dr_tools_ros_WS/devel/.private/i3dr_phobos/share/gennodejs/ros/i3dr_phobos/_index.js, /home/htp/i3dr_tools_ros/i3dr_tools_ros_WS/devel/share/gennodejs/ros/i3dr_phobos/_index.js)
Linked: (/home/htp/i3dr_tools_ros/i3dr_tools_ros_WS/devel/.private/i3dr_phobos/share/gennodejs/ros/i3dr_phobos/srv/SetInt.js, /home/htp/i3dr_tools_ros/i3dr_tools_ros_WS/devel/share/gennodejs/ros/i3dr_phobos/srv/SetInt.js)
Linked: (/home/htp/i3dr_tools_ros/i3dr_tools_ros_WS/devel/.private/i3dr_phobos/share/gennodejs/ros/i3dr_phobos/srv/_index.js, /home/htp/i3dr_tools_ros/i3dr_tools_ros_WS/devel/share/gennodejs/ros/i3dr_phobos/srv/_index.js)
Linked: (/home/htp/i3dr_tools_ros/i3dr_tools_ros_WS/devel/.private/i3dr_phobos/share/gennodejs/ros/i3dr_phobos/srv/SetFloat.js, /home/htp/i3dr_tools_ros/i3dr_tools_ros_WS/devel/share/gennodejs/ros/i3dr_phobos/srv/SetFloat.js)
Linked: (/home/htp/i3dr_tools_ros/i3dr_tools_ros_WS/devel/.private/i3dr_phobos/share/roseus/ros/i3dr_phobos/manifest.l, /home/htp/i3dr_tools_ros/i3dr_tools_ros_WS/devel/share/roseus/ros/i3dr_phobos/manifest.l)
Linked: (/home/htp/i3dr_tools_ros/i3dr_tools_ros_WS/devel/.private/i3dr_phobos/share/roseus/ros/i3dr_phobos/srv/SetInt.l, /home/htp/i3dr_tools_ros/i3dr_tools_ros_WS/devel/share/roseus/ros/i3dr_phobos/srv/SetInt.l)
Linked: (/home/htp/i3dr_tools_ros/i3dr_tools_ros_WS/devel/.private/i3dr_phobos/share/roseus/ros/i3dr_phobos/srv/SetFloat.l, /home/htp/i3dr_tools_ros/i3dr_tools_ros_WS/devel/share/roseus/ros/i3dr_phobos/srv/SetFloat.l)
Linked: (/home/htp/i3dr_tools_ros/i3dr_tools_ros_WS/devel/.private/i3dr_phobos/share/i3dr_phobos/cmake/i3dr_phobos-msg-paths.cmake, /home/htp/i3dr_tools_ros/i3dr_tools_ros_WS/devel/share/i3dr_phobos/cmake/i3dr_phobos-msg-paths.cmake)
Linked: (/home/htp/i3dr_tools_ros/i3dr_tools_ros_WS/devel/.private/i3dr_phobos/share/i3dr_phobos/cmake/i3dr_phobosConfig-version.cmake, /home/htp/i3dr_tools_ros/i3dr_tools_ros_WS/devel/share/i3dr_phobos/cmake/i3dr_phobosConfig-version.cmake)
Linked: (/home/htp/i3dr_tools_ros/i3dr_tools_ros_WS/devel/.private/i3dr_phobos/share/i3dr_phobos/cmake/i3dr_phobosConfig.cmake, /home/htp/i3dr_tools_ros/i3dr_tools_ros_WS/devel/share/i3dr_phobos/cmake/i3dr_phobosConfig.cmake)
Linked: (/home/htp/i3dr_tools_ros/i3dr_tools_ros_WS/devel/.private/i3dr_phobos/share/i3dr_phobos/cmake/i3dr_phobos-msg-extras.cmake, /home/htp/i3dr_tools_ros/i3dr_tools_ros_WS/devel/share/i3dr_phobos/cmake/i3dr_phobos-msg-extras.cmake)
Linked: (/home/htp/i3dr_tools_ros/i3dr_tools_ros_WS/devel/.private/i3dr_phobos/include/i3dr_phobos/SetFloatResponse.h, /home/htp/i3dr_tools_ros/i3dr_tools_ros_WS/devel/include/i3dr_phobos/SetFloatResponse.h)
Linked: (/home/htp/i3dr_tools_ros/i3dr_tools_ros_WS/devel/.private/i3dr_phobos/include/i3dr_phobos/SetIntResponse.h, /home/htp/i3dr_tools_ros/i3dr_tools_ros_WS/devel/include/i3dr_phobos/SetIntResponse.h)
Linked: (/home/htp/i3dr_tools_ros/i3dr_tools_ros_WS/devel/.private/i3dr_phobos/include/i3dr_phobos/SetFloatRequest.h, /home/htp/i3dr_tools_ros/i3dr_tools_ros_WS/devel/include/i3dr_phobos/SetFloatRequest.h)
Linked: (/home/htp/i3dr_tools_ros/i3dr_tools_ros_WS/devel/.private/i3dr_phobos/include/i3dr_phobos/SetFloat.h, /home/htp/i3dr_tools_ros/i3dr_tools_ros_WS/devel/include/i3dr_phobos/SetFloat.h)
Linked: (/home/htp/i3dr_tools_ros/i3dr_tools_ros_WS/devel/.private/i3dr_phobos/include/i3dr_phobos/SetIntRequest.h, /home/htp/i3dr_tools_ros/i3dr_tools_ros_WS/devel/include/i3dr_phobos/SetIntRequest.h)
Linked: (/home/htp/i3dr_tools_ros/i3dr_tools_ros_WS/devel/.private/i3dr_phobos/include/i3dr_phobos/SetInt.h, /home/htp/i3dr_tools_ros/i3dr_tools_ros_WS/devel/include/i3dr_phobos/SetInt.h)
Linked: (/home/htp/i3dr_tools_ros/i3dr_tools_ros_WS/devel/.private/i3dr_phobos/lib/pkgconfig/i3dr_phobos.pc, /home/htp/i3dr_tools_ros/i3dr_tools_ros_WS/devel/lib/pkgconfig/i3dr_phobos.pc)
Linked: (/home/htp/i3dr_tools_ros/i3dr_tools_ros_WS/devel/.private/i3dr_phobos/lib/python2.7/dist-packages/i3dr_phobos/__init__.py, /home/htp/i3dr_tools_ros/i3dr_tools_ros_WS/devel/lib/python2.7/dist-packages/i3dr_phobos/__init__.py)
Linked: (/home/htp/i3dr_tools_ros/i3dr_tools_ros_WS/devel/.private/i3dr_phobos/lib/python2.7/dist-packages/i3dr_phobos/srv/_SetFloat.py, /home/htp/i3dr_tools_ros/i3dr_tools_ros_WS/devel/lib/python2.7/dist-packages/i3dr_phobos/srv/_SetFloat.py)
Linked: (/home/htp/i3dr_tools_ros/i3dr_tools_ros_WS/devel/.private/i3dr_phobos/lib/python2.7/dist-packages/i3dr_phobos/srv/_SetInt.py, /home/htp/i3dr_tools_ros/i3dr_tools_ros_WS/devel/lib/python2.7/dist-packages/i3dr_phobos/srv/_SetInt.py)
Linked: (/home/htp/i3dr_tools_ros/i3dr_tools_ros_WS/devel/.private/i3dr_phobos/lib/python2.7/dist-packages/i3dr_phobos/srv/__init__.py, /home/htp/i3dr_tools_ros/i3dr_tools_ros_WS/devel/lib/python2.7/dist-packages/i3dr_phobos/srv/__init__.py)
