[35m[1mScanning dependencies of target stereo_msgs_generate_messages_py[0m
[35m[1mScanning dependencies of target stereo_msgs_generate_messages_lisp[0m
[35m[1mScanning dependencies of target xunitTara[0m
[35m[1mScanning dependencies of target stereo_msgs_generate_messages_eus[0m
[35m[1mScanning dependencies of target stereo_msgs_generate_messages_nodejs[0m
[35m[1mScanning dependencies of target geometry_msgs_generate_messages_py[0m
[35m[1mScanning dependencies of target xunit[0m
[  0%] Built target stereo_msgs_generate_messages_nodejs
[  7%] [32mBuilding CXX object CMakeFiles/xunitTara.dir/src/xunit/xunit_lib_tara.cpp.o[0m
[  7%] Built target stereo_msgs_generate_messages_eus
[  7%] Built target stereo_msgs_generate_messages_lisp
[  7%] Built target stereo_msgs_generate_messages_py
[  7%] Built target geometry_msgs_generate_messages_py
[ 14%] [32mBuilding C object CMakeFiles/xunit.dir/src/xunit/xunit_lib.c.o[0m
[35m[1mScanning dependencies of target geometry_msgs_generate_messages_eus[0m
[35m[1mScanning dependencies of target dynamic_reconfigure_generate_messages_nodejs[0m
[35m[1mScanning dependencies of target std_msgs_generate_messages_py[0m
[35m[1mScanning dependencies of target stereo_msgs_generate_messages_cpp[0m
[ 14%] Built target std_msgs_generate_messages_py
[ 14%] Built target stereo_msgs_generate_messages_cpp
[35m[1mScanning dependencies of target rosgraph_msgs_generate_messages_cpp[0m
[ 14%] Built target geometry_msgs_generate_messages_eus
[ 14%] Built target dynamic_reconfigure_generate_messages_nodejs
[35m[1mScanning dependencies of target bond_generate_messages_lisp[0m
[ 21%] [32mBuilding C object CMakeFiles/xunit.dir/src/xunit/xunit_lib_cug.c.o[0m
[35m[1mScanning dependencies of target dynamic_reconfigure_generate_messages_cpp[0m
[ 21%] Built target rosgraph_msgs_generate_messages_cpp
[35m[1mScanning dependencies of target roscpp_generate_messages_eus[0m
[ 21%] Built target bond_generate_messages_lisp
[ 21%] Built target dynamic_reconfigure_generate_messages_cpp
[ 21%] Built target roscpp_generate_messages_eus
[35m[1mScanning dependencies of target bond_generate_messages_eus[0m
[35m[1mScanning dependencies of target nodelet_generate_messages_cpp[0m
[35m[1mScanning dependencies of target geometry_msgs_generate_messages_nodejs[0m
[35m[1mScanning dependencies of target std_msgs_generate_messages_lisp[0m
[35m[1mScanning dependencies of target nodelet_generate_messages_lisp[0m
[ 21%] Built target nodelet_generate_messages_cpp
[ 21%] Built target geometry_msgs_generate_messages_nodejs
[ 21%] Built target bond_generate_messages_eus
[ 21%] Built target std_msgs_generate_messages_lisp
[35m[1mScanning dependencies of target geometry_msgs_generate_messages_lisp[0m
[35m[1mScanning dependencies of target bond_generate_messages_py[0m
[35m[1mScanning dependencies of target bond_generate_messages_cpp[0m
[ 21%] Built target nodelet_generate_messages_lisp
[35m[1mScanning dependencies of target roscpp_generate_messages_nodejs[0m
[ 21%] Built target geometry_msgs_generate_messages_lisp
[ 28%] Built target bond_generate_messages_py
[ 28%] [32m[1mLinking C shared library /home/htp/i3dr_tools_ros/i3dr_tools_ros_WS/devel/.private/i3dr_deimos/lib/libxunit.so[0m
[35m[1mScanning dependencies of target rosgraph_msgs_generate_messages_lisp[0m
[35m[1mScanning dependencies of target rosgraph_msgs_generate_messages_py[0m
[ 28%] Built target bond_generate_messages_cpp
[ 28%] Built target rosgraph_msgs_generate_messages_lisp
[ 28%] Built target roscpp_generate_messages_nodejs
[35m[1mScanning dependencies of target nodelet_generate_messages_eus[0m
[35m[1mScanning dependencies of target bond_generate_messages_nodejs[0m
[ 28%] Built target rosgraph_msgs_generate_messages_py
[35m[1mScanning dependencies of target nodelet_generate_messages_nodejs[0m
[35m[1mScanning dependencies of target roscpp_generate_messages_lisp[0m
[ 28%] Built target bond_generate_messages_nodejs
[35m[1mScanning dependencies of target std_msgs_generate_messages_eus[0m
[ 28%] Built target nodelet_generate_messages_eus
[35m[1mScanning dependencies of target dynamic_reconfigure_generate_messages_lisp[0m
[ 28%] Built target roscpp_generate_messages_lisp
[ 28%] Built target nodelet_generate_messages_nodejs
[ 28%] Built target std_msgs_generate_messages_eus
[35m[1mScanning dependencies of target roscpp_generate_messages_cpp[0m
[35m[1mScanning dependencies of target nodelet_generate_messages_py[0m
[ 28%] Built target dynamic_reconfigure_generate_messages_lisp
[ 28%] Built target xunit
[ 35%] [32m[1mLinking CXX shared library /home/htp/i3dr_tools_ros/i3dr_tools_ros_WS/devel/.private/i3dr_deimos/lib/libxunitTara.so[0m
[35m[1mScanning dependencies of target rosgraph_msgs_generate_messages_nodejs[0m
[35m[1mScanning dependencies of target roscpp_generate_messages_py[0m
[ 35%] Built target roscpp_generate_messages_cpp
[35m[1mScanning dependencies of target dynamic_reconfigure_generate_messages_py[0m
[ 35%] Built target nodelet_generate_messages_py
[35m[1mScanning dependencies of target rosgraph_msgs_generate_messages_eus[0m
[35m[1mScanning dependencies of target dynamic_reconfigure_generate_messages_eus[0m
[ 35%] Built target rosgraph_msgs_generate_messages_nodejs
[ 35%] Built target roscpp_generate_messages_py
[35m[1mScanning dependencies of target dynamic_reconfigure_gencfg[0m
[ 35%] Built target rosgraph_msgs_generate_messages_eus
[35m[1mScanning dependencies of target sensor_msgs_generate_messages_cpp[0m
[ 35%] Built target dynamic_reconfigure_generate_messages_py
[ 35%] Built target dynamic_reconfigure_generate_messages_eus
[35m[1mScanning dependencies of target sensor_msgs_generate_messages_eus[0m
[ 35%] Built target dynamic_reconfigure_gencfg
[35m[1mScanning dependencies of target std_msgs_generate_messages_cpp[0m
[ 35%] Built target sensor_msgs_generate_messages_cpp
[35m[1mScanning dependencies of target sensor_msgs_generate_messages_lisp[0m
[35m[1mScanning dependencies of target sensor_msgs_generate_messages_nodejs[0m
[35m[1mScanning dependencies of target geometry_msgs_generate_messages_cpp[0m
[ 35%] Built target sensor_msgs_generate_messages_eus
[35m[1mScanning dependencies of target sensor_msgs_generate_messages_py[0m
[ 35%] Built target sensor_msgs_generate_messages_lisp
[ 35%] Built target std_msgs_generate_messages_cpp
[35m[1mScanning dependencies of target i3dr_deimos_gencfg[0m
[ 35%] Built target sensor_msgs_generate_messages_nodejs
[ 35%] Built target geometry_msgs_generate_messages_cpp
[ 35%] Built target sensor_msgs_generate_messages_py
[35m[1mScanning dependencies of target std_msgs_generate_messages_nodejs[0m
[ 35%] Built target xunitTara
[35m[1mScanning dependencies of target generate_point_cloud[0m
[ 42%] [34m[1mGenerating dynamic reconfigure files from cfg/i3DR_Disparity.cfg: /home/htp/i3dr_tools_ros/i3dr_tools_ros_WS/devel/.private/i3dr_deimos/include/i3dr_deimos/i3DR_DisparityConfig.h /home/htp/i3dr_tools_ros/i3dr_tools_ros_WS/devel/.private/i3dr_deimos/lib/python2.7/dist-packages/i3dr_deimos/cfg/i3DR_DisparityConfig.py[0m
[ 42%] Built target std_msgs_generate_messages_nodejs
[35m[1mScanning dependencies of target deimos_node[0m
Generating reconfiguration files for i3DR_Disparity in deimos
Wrote header file in /home/htp/i3dr_tools_ros/i3dr_tools_ros_WS/devel/.private/i3dr_deimos/include/i3dr_deimos/i3DR_DisparityConfig.h
[ 50%] [32mBuilding CXX object CMakeFiles/deimos_node.dir/src/deimos_node.cpp.o[0m
[ 57%] [32mBuilding CXX object CMakeFiles/deimos_node.dir/src/deimos_ros.cpp.o[0m
[ 64%] [32mBuilding CXX object CMakeFiles/deimos_node.dir/src/uvc_cam.cpp.o[0m
[ 64%] Built target i3dr_deimos_gencfg
[35m[1mScanning dependencies of target generate_disparity[0m
[ 71%] [32mBuilding CXX object CMakeFiles/generate_point_cloud.dir/src/generate_point_cloud.cpp.o[0m
[ 78%] [32mBuilding CXX object CMakeFiles/generate_disparity.dir/src/generate_disparity.cpp.o[0m
[ 85%] [32m[1mLinking CXX executable /home/htp/i3dr_tools_ros/i3dr_tools_ros_WS/devel/.private/i3dr_deimos/lib/i3dr_deimos/deimos_node[0m
[ 85%] Built target deimos_node
[ 92%] [32m[1mLinking CXX executable /home/htp/i3dr_tools_ros/i3dr_tools_ros_WS/devel/.private/i3dr_deimos/lib/i3dr_deimos/generate_disparity[0m
[ 92%] Built target generate_disparity
[100%] [32m[1mLinking CXX executable /home/htp/i3dr_tools_ros/i3dr_tools_ros_WS/devel/.private/i3dr_deimos/lib/i3dr_deimos/generate_point_cloud[0m
[100%] Built target generate_point_cloud
