[ 14%] Built target xunitTara
[ 35%] Built target xunit
[ 35%] Built target geometry_msgs_generate_messages_py
[ 35%] Built target stereo_msgs_generate_messages_py
[ 35%] Built target stereo_msgs_generate_messages_nodejs
[ 35%] Built target stereo_msgs_generate_messages_lisp
[ 35%] Built target stereo_msgs_generate_messages_cpp
[ 35%] Built target stereo_msgs_generate_messages_eus
[ 35%] Built target std_msgs_generate_messages_py
[ 35%] Built target dynamic_reconfigure_generate_messages_nodejs
[ 35%] Built target geometry_msgs_generate_messages_eus
[ 35%] Built target rosgraph_msgs_generate_messages_cpp
[ 35%] Built target dynamic_reconfigure_generate_messages_cpp
[ 35%] Built target bond_generate_messages_lisp
[ 35%] Built target roscpp_generate_messages_eus
[ 35%] Built target bond_generate_messages_eus
[ 35%] Built target geometry_msgs_generate_messages_nodejs
[ 35%] Built target nodelet_generate_messages_cpp
[ 35%] Built target std_msgs_generate_messages_lisp
[ 35%] Built target nodelet_generate_messages_lisp
[ 35%] Built target bond_generate_messages_py
[ 35%] Built target geometry_msgs_generate_messages_lisp
[ 35%] Built target bond_generate_messages_cpp
[ 35%] Built target roscpp_generate_messages_nodejs
[ 35%] Built target rosgraph_msgs_generate_messages_lisp
[ 35%] Built target rosgraph_msgs_generate_messages_py
[ 35%] Built target nodelet_generate_messages_eus
[ 35%] Built target bond_generate_messages_nodejs
[ 35%] Built target nodelet_generate_messages_nodejs
[ 35%] Built target std_msgs_generate_messages_eus
[ 35%] Built target roscpp_generate_messages_lisp
[ 35%] Built target dynamic_reconfigure_generate_messages_lisp
[ 35%] Built target roscpp_generate_messages_cpp
[ 35%] Built target nodelet_generate_messages_py
[ 35%] Built target rosgraph_msgs_generate_messages_nodejs
[ 35%] Built target roscpp_generate_messages_py
[ 35%] Built target dynamic_reconfigure_generate_messages_py
[ 35%] Built target dynamic_reconfigure_generate_messages_eus
[ 35%] Built target rosgraph_msgs_generate_messages_eus
[ 35%] Built target sensor_msgs_generate_messages_cpp
[ 35%] Built target dynamic_reconfigure_gencfg
[ 35%] Built target std_msgs_generate_messages_cpp
[ 35%] Built target sensor_msgs_generate_messages_eus
[ 35%] Built target sensor_msgs_generate_messages_lisp
[ 35%] Built target geometry_msgs_generate_messages_cpp
[ 35%] Built target sensor_msgs_generate_messages_nodejs
[ 35%] Built target sensor_msgs_generate_messages_py
[ 35%] Built target std_msgs_generate_messages_nodejs
[ 42%] Built target i3dr_deimos_gencfg
[35m[1mScanning dependencies of target deimos_node[0m
[ 57%] Built target generate_point_cloud
[ 71%] Built target generate_disparity
[ 78%] [32mBuilding CXX object CMakeFiles/deimos_node.dir/src/deimos_ros.cpp.o[0m
[ 85%] [32m[1mLinking CXX executable /home/htp/i3dr_tools_ros/i3dr_tools_ros_WS/devel/.private/i3dr_deimos/lib/i3dr_deimos/deimos_node[0m
[100%] Built target deimos_node
