[  0%] Built target stereo_msgs_generate_messages_py
[  0%] Built target stereo_msgs_generate_messages_nodejs
[ 14%] Built target xunitTara
[ 28%] Built target geometry_msgs_generate_messages_py
[ 35%] Built target xunit
[ 35%] Built target stereo_msgs_generate_messages_eus
[ 35%] Built target stereo_msgs_generate_messages_lisp
[ 35%] Built target stereo_msgs_generate_messages_cpp
[ 35%] Built target dynamic_reconfigure_generate_messages_nodejs
[ 35%] Built target std_msgs_generate_messages_py
[ 35%] Built target geometry_msgs_generate_messages_eus
[ 35%] Built target rosgraph_msgs_generate_messages_cpp
[ 35%] Built target dynamic_reconfigure_generate_messages_cpp
[ 35%] Built target bond_generate_messages_lisp
[ 35%] Built target bond_generate_messages_eus
[ 35%] Built target nodelet_generate_messages_cpp
[ 35%] Built target roscpp_generate_messages_eus
[ 35%] Built target geometry_msgs_generate_messages_nodejs
[ 35%] Built target std_msgs_generate_messages_lisp
[ 35%] Built target nodelet_generate_messages_lisp
[ 35%] Built target bond_generate_messages_py
[ 35%] Built target geometry_msgs_generate_messages_lisp
[ 35%] Built target bond_generate_messages_cpp
[ 35%] Built target roscpp_generate_messages_nodejs
[ 35%] Built target rosgraph_msgs_generate_messages_lisp
[ 35%] Built target rosgraph_msgs_generate_messages_py
[ 35%] Built target nodelet_generate_messages_eus
[ 35%] Built target bond_generate_messages_nodejs
[ 35%] Built target nodelet_generate_messages_nodejs
[ 35%] Built target std_msgs_generate_messages_eus
[ 35%] Built target roscpp_generate_messages_lisp
[ 35%] Built target dynamic_reconfigure_generate_messages_lisp
[ 35%] Built target nodelet_generate_messages_py
[ 35%] Built target roscpp_generate_messages_cpp
[ 35%] Built target dynamic_reconfigure_generate_messages_py
[ 35%] Built target rosgraph_msgs_generate_messages_nodejs
[ 35%] Built target roscpp_generate_messages_py
[ 35%] Built target dynamic_reconfigure_generate_messages_eus
[ 35%] Built target rosgraph_msgs_generate_messages_eus
[ 35%] Built target dynamic_reconfigure_gencfg
[ 35%] Built target sensor_msgs_generate_messages_cpp
[ 35%] Built target sensor_msgs_generate_messages_eus
[ 35%] Built target std_msgs_generate_messages_cpp
[ 35%] Built target sensor_msgs_generate_messages_lisp
[ 35%] Built target sensor_msgs_generate_messages_nodejs
[ 35%] Built target geometry_msgs_generate_messages_cpp
[ 42%] Built target i3dr_deimos_gencfg
[ 42%] Built target sensor_msgs_generate_messages_py
[ 42%] Built target std_msgs_generate_messages_nodejs
[ 78%] Built target generate_point_cloud
[ 85%] Built target deimos_node
[100%] Built target generate_disparity
